<?xml version="1.0" encoding="UTF-8"?>
<!-- Generated by org.testng.reporters.JUnitXMLReporter -->
<testsuite hostname="KIV-WKS-TT283D" ignored="0" tests="5" failures="0" timestamp="15 Jul 2019 11:59:53 GMT" time="3.825" errors="0">
  <testcase name="deleteRequest" time="1.457" classname="API_tests"/>
  <testcase name="getRequest" time="0.89" classname="API_tests"/>
  <testcase name="patchRequest" time="0.456" classname="API_tests"/>
  <testcase name="postRequest" time="0.538" classname="API_tests"/>
  <testcase name="putRequest" time="0.448" classname="API_tests"/>
</testsuite>
