<?xml version="1.0" encoding="UTF-8"?>
<testng-results skipped="0" failed="0" ignored="0" total="5" passed="5">
  <reporter-output>
  </reporter-output>
  <suite name="Default suite" duration-ms="3825" started-at="2019-07-15T11:59:50Z" finished-at="2019-07-15T11:59:53Z">
    <groups>
    </groups>
    <test name="Default test" duration-ms="3825" started-at="2019-07-15T11:59:50Z" finished-at="2019-07-15T11:59:53Z">
      <class name="API_tests">
        <test-method status="PASS" signature="configure()[pri:0, instance:API_tests@ae45eb6]" name="configure" is-config="true" duration-ms="369" started-at="2019-07-15T11:59:49Z" finished-at="2019-07-15T11:59:50Z">
          <reporter-output>
          </reporter-output>
        </test-method> <!-- configure -->
        <test-method status="PASS" signature="deleteRequest()[pri:0, instance:API_tests@ae45eb6]" name="deleteRequest" duration-ms="1457" started-at="2019-07-15T11:59:50Z" finished-at="2019-07-15T11:59:51Z">
          <reporter-output>
          </reporter-output>
        </test-method> <!-- deleteRequest -->
        <test-method status="PASS" signature="getRequest()[pri:0, instance:API_tests@ae45eb6]" name="getRequest" duration-ms="890" started-at="2019-07-15T11:59:51Z" finished-at="2019-07-15T11:59:52Z">
          <reporter-output>
          </reporter-output>
        </test-method> <!-- getRequest -->
        <test-method status="PASS" signature="patchRequest()[pri:0, instance:API_tests@ae45eb6]" name="patchRequest" duration-ms="456" started-at="2019-07-15T11:59:52Z" finished-at="2019-07-15T11:59:52Z">
          <reporter-output>
          </reporter-output>
        </test-method> <!-- patchRequest -->
        <test-method status="PASS" signature="postRequest()[pri:0, instance:API_tests@ae45eb6]" name="postRequest" duration-ms="538" started-at="2019-07-15T11:59:52Z" finished-at="2019-07-15T11:59:53Z">
          <reporter-output>
          </reporter-output>
        </test-method> <!-- postRequest -->
        <test-method status="PASS" signature="putRequest()[pri:0, instance:API_tests@ae45eb6]" name="putRequest" duration-ms="448" started-at="2019-07-15T11:59:53Z" finished-at="2019-07-15T11:59:53Z">
          <reporter-output>
          </reporter-output>
        </test-method> <!-- putRequest -->
      </class> <!-- API_tests -->
    </test> <!-- Default test -->
  </suite> <!-- Default suite -->
</testng-results>
