<?xml version="1.0" encoding="UTF-8"?>
<testng-results skipped="0" failed="0" ignored="0" total="5" passed="5">
  <reporter-output>
  </reporter-output>
  <suite name="Default suite" duration-ms="3987" started-at="2019-07-15T11:29:11Z" finished-at="2019-07-15T11:29:15Z">
    <groups>
    </groups>
    <test name="Default test" duration-ms="3987" started-at="2019-07-15T11:29:11Z" finished-at="2019-07-15T11:29:15Z">
      <class name="API_tests">
        <test-method status="PASS" signature="configure()[pri:0, instance:API_tests@ae45eb6]" name="configure" is-config="true" duration-ms="369" started-at="2019-07-15T11:29:10Z" finished-at="2019-07-15T11:29:11Z">
          <reporter-output>
          </reporter-output>
        </test-method> <!-- configure -->
        <test-method status="PASS" signature="deleteRequest()[pri:0, instance:API_tests@ae45eb6]" name="deleteRequest" duration-ms="1536" started-at="2019-07-15T11:29:11Z" finished-at="2019-07-15T11:29:12Z">
          <reporter-output>
          </reporter-output>
        </test-method> <!-- deleteRequest -->
        <test-method status="PASS" signature="getRequest()[pri:0, instance:API_tests@ae45eb6]" name="getRequest" duration-ms="897" started-at="2019-07-15T11:29:12Z" finished-at="2019-07-15T11:29:13Z">
          <reporter-output>
          </reporter-output>
        </test-method> <!-- getRequest -->
        <test-method status="PASS" signature="patchRequest()[pri:0, instance:API_tests@ae45eb6]" name="patchRequest" duration-ms="531" started-at="2019-07-15T11:29:13Z" finished-at="2019-07-15T11:29:14Z">
          <reporter-output>
          </reporter-output>
        </test-method> <!-- patchRequest -->
        <test-method status="PASS" signature="postRequest()[pri:0, instance:API_tests@ae45eb6]" name="postRequest" duration-ms="451" started-at="2019-07-15T11:29:14Z" finished-at="2019-07-15T11:29:14Z">
          <reporter-output>
          </reporter-output>
        </test-method> <!-- postRequest -->
        <test-method status="PASS" signature="putRequest()[pri:0, instance:API_tests@ae45eb6]" name="putRequest" duration-ms="550" started-at="2019-07-15T11:29:14Z" finished-at="2019-07-15T11:29:15Z">
          <reporter-output>
          </reporter-output>
        </test-method> <!-- putRequest -->
      </class> <!-- API_tests -->
    </test> <!-- Default test -->
  </suite> <!-- Default suite -->
</testng-results>
